Build started 14-Oct-13 18:10:05.
     1>Project "C:\Users\Michael\Desktop\Cache_Simulator\Cache_Simulator\Cache_Simulator.vcxproj" on node 2 (Build target(s)).
     1>ClCompile:
         C:\Program Files (x86)\Microsoft Visual Studio 11.0\VC\bin\CL.exe /c /ZI /nologo /W3 /WX- /sdl /Od /Oy- /D WIN32 /D _DEBUG /D _CONSOLE /D _UNICODE /D UNICODE /Gm /EHsc /RTC1 /MDd /GS /fp:precise /Zc:wchar_t /Zc:forScope /Fo"Debug\\" /Fd"Debug\vc110.pdb" /Gd /TC /analyze- /errorReport:prompt Source.c
         Source.c
     1>c:\users\michael\desktop\cache_simulator\cache_simulator\source.c(49): warning C4244: 'initializing' : conversion from 'double' to 'int', possible loss of data
     1>c:\users\michael\desktop\cache_simulator\cache_simulator\source.c(107): warning C4244: '=' : conversion from 'double' to 'int', possible loss of data
     1>c:\users\michael\desktop\cache_simulator\cache_simulator\source.c(151): warning C4244: 'initializing' : conversion from 'double' to 'int', possible loss of data
     1>c:\users\michael\desktop\cache_simulator\cache_simulator\source.c(242): warning C4244: 'initializing' : conversion from 'double' to 'int', possible loss of data
     1>c:\users\michael\desktop\cache_simulator\cache_simulator\source.c(300): warning C4244: '=' : conversion from 'double' to 'int', possible loss of data
     1>c:\users\michael\desktop\cache_simulator\cache_simulator\source.c(372): warning C4244: '=' : conversion from 'double' to 'int', possible loss of data
     1>c:\users\michael\desktop\cache_simulator\cache_simulator\source.c(377): warning C4244: '=' : conversion from 'double' to 'int', possible loss of data
     1>c:\users\michael\desktop\cache_simulator\cache_simulator\source.c(409): warning C4244: '=' : conversion from 'double' to 'int', possible loss of data
     1>c:\users\michael\desktop\cache_simulator\cache_simulator\source.c(417): warning C4244: '=' : conversion from 'double' to 'int', possible loss of data
     1>c:\users\michael\desktop\cache_simulator\cache_simulator\source.c(425): warning C4244: '=' : conversion from 'double' to 'int', possible loss of data
     1>c:\users\michael\desktop\cache_simulator\cache_simulator\source.c(439): warning C4244: '=' : conversion from 'double' to 'int', possible loss of data
     1>c:\users\michael\desktop\cache_simulator\cache_simulator\source.c(455): warning C4244: '=' : conversion from 'double' to 'int', possible loss of data
     1>c:\users\michael\desktop\cache_simulator\cache_simulator\source.c(456): warning C4244: '=' : conversion from 'double' to 'int', possible loss of data
       Link:
         C:\Program Files (x86)\Microsoft Visual Studio 11.0\VC\bin\link.exe /ERRORREPORT:PROMPT /OUT:"C:\Users\Michael\Desktop\Cache_Simulator\Debug\Cache_Simulator.exe" /INCREMENTAL /NOLOGO kernel32.lib user32.lib gdi32.lib winspool.lib comdlg32.lib advapi32.lib shell32.lib ole32.lib oleaut32.lib uuid.lib odbc32.lib odbccp32.lib /MANIFEST /MANIFESTUAC:"level='asInvoker' uiAccess='false'" /manifest:embed /DEBUG /PDB:"C:\Users\Michael\Desktop\Cache_Simulator\Debug\Cache_Simulator.pdb" /SUBSYSTEM:CONSOLE /TLBID:1 /DYNAMICBASE /NXCOMPAT /IMPLIB:"C:\Users\Michael\Desktop\Cache_Simulator\Debug\Cache_Simulator.lib" /MACHINE:X86 Debug\Source.obj
         Cache_Simulator.vcxproj -> C:\Users\Michael\Desktop\Cache_Simulator\Debug\Cache_Simulator.exe
     1>Done Building Project "C:\Users\Michael\Desktop\Cache_Simulator\Cache_Simulator\Cache_Simulator.vcxproj" (Build target(s)).

Build succeeded.

Time Elapsed 00:00:00.62
